[1.764s] Invoking command in '/home/manas/tb_control': PYTHONPATH=/home/manas/tb_control/build/tb_control/prefix_override:/usr/lib/python3/dist-packages/colcon_core/task/python/colcon_distutils_commands:/home/manas/tb_control/install/tb_control/lib/python3.8/site-packages:${PYTHONPATH} /usr/bin/python3 -W ignore:setup.py install is deprecated setup.py egg_info --egg-base build/tb_control build --build-base /home/manas/tb_control/build/tb_control/build install --record /home/manas/tb_control/build/tb_control/install.log --single-version-externally-managed install_data
[2.581s] running egg_info
[2.581s] creating build/tb_control/tb_control.egg-info
[2.629s] writing build/tb_control/tb_control.egg-info/PKG-INFO
[2.664s] writing dependency_links to build/tb_control/tb_control.egg-info/dependency_links.txt
[2.779s] writing entry points to build/tb_control/tb_control.egg-info/entry_points.txt
[2.856s] writing requirements to build/tb_control/tb_control.egg-info/requires.txt
[2.891s] writing top-level names to build/tb_control/tb_control.egg-info/top_level.txt
[2.894s] writing manifest file 'build/tb_control/tb_control.egg-info/SOURCES.txt'
[2.958s] reading manifest file 'build/tb_control/tb_control.egg-info/SOURCES.txt'
[2.959s] writing manifest file 'build/tb_control/tb_control.egg-info/SOURCES.txt'
[2.959s] running build
[2.959s] running build_py
[2.959s] creating /home/manas/tb_control/build/tb_control/build
[2.959s] creating /home/manas/tb_control/build/tb_control/build/lib
[2.959s] creating /home/manas/tb_control/build/tb_control/build/lib/tb_control
[2.959s] copying tb_control/tb_openLoop.py -> /home/manas/tb_control/build/tb_control/build/lib/tb_control
[2.959s] copying tb_control/__init__.py -> /home/manas/tb_control/build/tb_control/build/lib/tb_control
[2.959s] running install
[2.963s] running install_lib
[3.012s] creating /home/manas/tb_control/install/tb_control/lib/python3.8/site-packages/tb_control
[3.012s] copying /home/manas/tb_control/build/tb_control/build/lib/tb_control/tb_openLoop.py -> /home/manas/tb_control/install/tb_control/lib/python3.8/site-packages/tb_control
[3.012s] copying /home/manas/tb_control/build/tb_control/build/lib/tb_control/__init__.py -> /home/manas/tb_control/install/tb_control/lib/python3.8/site-packages/tb_control
[3.012s] byte-compiling /home/manas/tb_control/install/tb_control/lib/python3.8/site-packages/tb_control/tb_openLoop.py to tb_openLoop.cpython-38.pyc
[3.013s] byte-compiling /home/manas/tb_control/install/tb_control/lib/python3.8/site-packages/tb_control/__init__.py to __init__.cpython-38.pyc
[3.013s] running install_data
[3.013s] creating /home/manas/tb_control/install/tb_control/share/ament_index
[3.013s] creating /home/manas/tb_control/install/tb_control/share/ament_index/resource_index
[3.013s] creating /home/manas/tb_control/install/tb_control/share/ament_index/resource_index/packages
[3.013s] copying resource/tb_control -> /home/manas/tb_control/install/tb_control/share/ament_index/resource_index/packages
[3.013s] copying package.xml -> /home/manas/tb_control/install/tb_control/share/tb_control
[3.013s] running install_egg_info
[3.063s] Copying build/tb_control/tb_control.egg-info to /home/manas/tb_control/install/tb_control/lib/python3.8/site-packages/tb_control-0.0.0-py3.8.egg-info
[3.063s] running install_scripts
[3.165s] Installing tb_openLoop script to /home/manas/tb_control/install/tb_control/lib/tb_control
[3.165s] writing list of installed files to '/home/manas/tb_control/build/tb_control/install.log'
[3.198s] Invoked command in '/home/manas/tb_control' returned '0': PYTHONPATH=/home/manas/tb_control/build/tb_control/prefix_override:/usr/lib/python3/dist-packages/colcon_core/task/python/colcon_distutils_commands:/home/manas/tb_control/install/tb_control/lib/python3.8/site-packages:${PYTHONPATH} /usr/bin/python3 -W ignore:setup.py install is deprecated setup.py egg_info --egg-base build/tb_control build --build-base /home/manas/tb_control/build/tb_control/build install --record /home/manas/tb_control/build/tb_control/install.log --single-version-externally-managed install_data
